Grammar

    0 $accept: program $end

    1 program: classdec
    2        | program classdec

    3 classdec: CLASS IDEN classbody

    4 classbody: LBRACE RBRACE
    5          | LBRACE vardecplus RBRACE
    6          | LBRACE constdecplus RBRACE
    7          | LBRACE methdecplus RBRACE
    8          | LBRACE vardecplus constdecplus RBRACE
    9          | LBRACE vardecplus methdecplus RBRACE
   10          | LBRACE constdecplus methdecplus RBRACE
   11          | LBRACE vardecplus constdecplus methdecplus RBRACE

   12 methdecplus: methoddec
   13            | methdecplus methoddec

   14 constdecplus: constdec
   15             | constdecplus constdec

   16 vardecplus: vardec
   17           | vardecplus vardec

   18 constdec: IDEN LPAREN paramlist RPAREN block

   19 methoddec: type IDEN LPAREN paramlist RPAREN block
   20          | VOID IDEN LPAREN paramlist RPAREN block

   21 paramlist: %empty
   22          | paramstar

   23 paramstar: param
   24          | paramstar COMMA param

   25 param: type IDEN

   26 statement: SEMI
   27          | name EQ exp SEMI
   28          | name EQ exp error
   29          | name LPAREN arglist RPAREN SEMI
   30          | PRINT LPAREN arglist RPAREN SEMI
   31          | condstatement
   32          | WHILE LPAREN exp RPAREN statement
   33          | RETURN optexp SEMI
   34          | block

   35 condstatement: IF LPAREN exp RPAREN statement
   36              | IF LPAREN exp RPAREN statement ELSE statement

   37 block: LBRACE RBRACE
   38      | LBRACE locvardecplus RBRACE
   39      | LBRACE stateplus RBRACE
   40      | LBRACE locvardecplus stateplus RBRACE

   41 stateplus: statement
   42          | stateplus statement

   43 locvardecplus: locvardec
   44              | locvardecplus locvardec

   45 locvardec: type IDEN SEMI

   46 optexp: %empty
   47       | exp

   48 exp: name
   49    | NUM
   50    | NLL
   51    | name LPAREN RPAREN
   52    | name LPAREN error
   53    | READ LPAREN RPAREN
   54    | READ LPAREN error
   55    | READ error RPAREN
   56    | newexp
   57    | exp relop exp
   58    | exp sumop exp
   59    | exp proop exp
   60    | unyop exp
   61    | LPAREN exp RPAREN
   62    | LPAREN exp error

   63 newexp: NEW IDEN LPAREN arglist RPAREN
   64       | NEW IDEN LPAREN arglist error
   65       | NEW simpleType expstar brackstar

   66 brackstar: %empty
   67          | brackstar DOUBBRACK

   68 expstar: %empty
   69        | expstar LBRACK exp RBRACK
   70        | expstar LBRACK exp error

   71 arglist: %empty
   72        | explist

   73 explist: exp
   74        | explist COMMA exp

   75 name: THIS
   76     | IDEN
   77     | name DOT IDEN
   78     | name LBRACK exp RBRACK
   79     | name LBRACK exp error

   80 vardec: type IDEN SEMI
   81       | type IDEN error

   82 type: simpleType
   83     | type DOUBBRACK

   84 simpleType: INT
   85           | IDEN

   86 relop: DEQ
   87      | NEQ
   88      | LEQ
   89      | GEQ
   90      | GT
   91      | LT

   92 sumop: PLUS
   93      | MINUS
   94      | OR

   95 proop: MULT
   96      | DIVD
   97      | MOD
   98      | AND

   99 unyop: PLUS
  100      | MINUS
  101      | BANG


Terminals, with rules where they appear

$end (0) 0
error (256) 28 52 54 55 62 64 70 79 81
DOT (258) 77
THIS (259) 75
LBRACK (260) 69 70 78 79
RBRACK (261) 69 78
DOUBBRACK (262) 67 83
LBRACE (263) 4 5 6 7 8 9 10 11 37 38 39 40
RBRACE (264) 4 5 6 7 8 9 10 11 37 38 39 40
INT (265) 84
IDEN (266) 3 18 19 20 25 45 63 64 76 77 80 81 85
NUM (267) 49
NLL (268) 50
READ (269) 53 54 55
NEW (270) 63 64 65
LPAREN (271) 18 19 20 29 30 32 35 36 51 52 53 54 61 62 63 64
RPAREN (272) 18 19 20 29 30 32 35 36 51 53 55 61 63
IF (273) 35 36
ELSE (274) 36
DEQ (275) 86
NEQ (276) 87
LEQ (277) 88
GEQ (278) 89
GT (279) 90
LT (280) 91
PLUS (281) 92 99
MINUS (282) 93 100
OR (283) 94
MULT (284) 95
DIVD (285) 96
MOD (286) 97
AND (287) 98
BANG (288) 101
SEMI (289) 26 27 29 30 33 45 80
EQ (290) 27 28
COMMA (291) 24 74
RETURN (292) 33
WHILE (293) 32
PRINT (294) 30
VOID (295) 20
CLASS (296) 3
RO (297)
SO (298)
PO (299)
UO (300)
DE (301)


Nonterminals, with rules where they appear

$accept (47)
    on left: 0
program (48)
    on left: 1 2, on right: 0 2
classdec (49)
    on left: 3, on right: 1 2
classbody (50)
    on left: 4 5 6 7 8 9 10 11, on right: 3
methdecplus (51)
    on left: 12 13, on right: 7 9 10 11 13
constdecplus (52)
    on left: 14 15, on right: 6 8 10 11 15
vardecplus (53)
    on left: 16 17, on right: 5 8 9 11 17
constdec (54)
    on left: 18, on right: 14 15
methoddec (55)
    on left: 19 20, on right: 12 13
paramlist (56)
    on left: 21 22, on right: 18 19 20
paramstar (57)
    on left: 23 24, on right: 22 24
param (58)
    on left: 25, on right: 23 24
statement (59)
    on left: 26 27 28 29 30 31 32 33 34, on right: 32 35 36 41 42
condstatement (60)
    on left: 35 36, on right: 31
block (61)
    on left: 37 38 39 40, on right: 18 19 20 34
stateplus (62)
    on left: 41 42, on right: 39 40 42
locvardecplus (63)
    on left: 43 44, on right: 38 40 44
locvardec (64)
    on left: 45, on right: 43 44
optexp (65)
    on left: 46 47, on right: 33
exp (66)
    on left: 48 49 50 51 52 53 54 55 56 57 58 59 60 61 62, on right:
    27 28 32 35 36 47 57 58 59 60 61 62 69 70 73 74 78 79
newexp (67)
    on left: 63 64 65, on right: 56
brackstar (68)
    on left: 66 67, on right: 65 67
expstar (69)
    on left: 68 69 70, on right: 65 69 70
arglist (70)
    on left: 71 72, on right: 29 30 63 64
explist (71)
    on left: 73 74, on right: 72 74
name (72)
    on left: 75 76 77 78 79, on right: 27 28 29 48 51 52 77 78 79
vardec (73)
    on left: 80 81, on right: 16 17
type (74)
    on left: 82 83, on right: 19 25 45 80 81 83
simpleType (75)
    on left: 84 85, on right: 65 82
relop (76)
    on left: 86 87 88 89 90 91, on right: 57
sumop (77)
    on left: 92 93 94, on right: 58
proop (78)
    on left: 95 96 97 98, on right: 59
unyop (79)
    on left: 99 100 101, on right: 60


State 0

    0 $accept: . program $end

    CLASS  shift, and go to state 1

    program   go to state 2
    classdec  go to state 3


State 1

    3 classdec: CLASS . IDEN classbody

    IDEN  shift, and go to state 4


State 2

    0 $accept: program . $end
    2 program: program . classdec

    $end   shift, and go to state 5
    CLASS  shift, and go to state 1

    classdec  go to state 6


State 3

    1 program: classdec .

    $default  reduce using rule 1 (program)


State 4

    3 classdec: CLASS IDEN . classbody

    LBRACE  shift, and go to state 7

    classbody  go to state 8


State 5

    0 $accept: program $end .

    $default  accept


State 6

    2 program: program classdec .

    $default  reduce using rule 2 (program)


State 7

    4 classbody: LBRACE . RBRACE
    5          | LBRACE . vardecplus RBRACE
    6          | LBRACE . constdecplus RBRACE
    7          | LBRACE . methdecplus RBRACE
    8          | LBRACE . vardecplus constdecplus RBRACE
    9          | LBRACE . vardecplus methdecplus RBRACE
   10          | LBRACE . constdecplus methdecplus RBRACE
   11          | LBRACE . vardecplus constdecplus methdecplus RBRACE

    RBRACE  shift, and go to state 9
    INT     shift, and go to state 10
    IDEN    shift, and go to state 11
    VOID    shift, and go to state 12

    methdecplus   go to state 13
    constdecplus  go to state 14
    vardecplus    go to state 15
    constdec      go to state 16
    methoddec     go to state 17
    vardec        go to state 18
    type          go to state 19
    simpleType    go to state 20


State 8

    3 classdec: CLASS IDEN classbody .

    $default  reduce using rule 3 (classdec)


State 9

    4 classbody: LBRACE RBRACE .

    $default  reduce using rule 4 (classbody)


State 10

   84 simpleType: INT .

    $default  reduce using rule 84 (simpleType)


State 11

   18 constdec: IDEN . LPAREN paramlist RPAREN block
   85 simpleType: IDEN .

    LPAREN  shift, and go to state 21

    $default  reduce using rule 85 (simpleType)


State 12

   20 methoddec: VOID . IDEN LPAREN paramlist RPAREN block

    IDEN  shift, and go to state 22


State 13

    7 classbody: LBRACE methdecplus . RBRACE
   13 methdecplus: methdecplus . methoddec

    RBRACE  shift, and go to state 23
    INT     shift, and go to state 10
    IDEN    shift, and go to state 24
    VOID    shift, and go to state 12

    methoddec   go to state 25
    type        go to state 26
    simpleType  go to state 20


State 14

    6 classbody: LBRACE constdecplus . RBRACE
   10          | LBRACE constdecplus . methdecplus RBRACE
   15 constdecplus: constdecplus . constdec

    RBRACE  shift, and go to state 27
    INT     shift, and go to state 10
    IDEN    shift, and go to state 11
    VOID    shift, and go to state 12

    methdecplus  go to state 28
    constdec     go to state 29
    methoddec    go to state 17
    type         go to state 26
    simpleType   go to state 20


State 15

    5 classbody: LBRACE vardecplus . RBRACE
    8          | LBRACE vardecplus . constdecplus RBRACE
    9          | LBRACE vardecplus . methdecplus RBRACE
   11          | LBRACE vardecplus . constdecplus methdecplus RBRACE
   17 vardecplus: vardecplus . vardec

    RBRACE  shift, and go to state 30
    INT     shift, and go to state 10
    IDEN    shift, and go to state 11
    VOID    shift, and go to state 12

    methdecplus   go to state 31
    constdecplus  go to state 32
    constdec      go to state 16
    methoddec     go to state 17
    vardec        go to state 33
    type          go to state 19
    simpleType    go to state 20


State 16

   14 constdecplus: constdec .

    $default  reduce using rule 14 (constdecplus)


State 17

   12 methdecplus: methoddec .

    $default  reduce using rule 12 (methdecplus)


State 18

   16 vardecplus: vardec .

    $default  reduce using rule 16 (vardecplus)


State 19

   19 methoddec: type . IDEN LPAREN paramlist RPAREN block
   80 vardec: type . IDEN SEMI
   81       | type . IDEN error
   83 type: type . DOUBBRACK

    DOUBBRACK  shift, and go to state 34
    IDEN       shift, and go to state 35


State 20

   82 type: simpleType .

    $default  reduce using rule 82 (type)


State 21

   18 constdec: IDEN LPAREN . paramlist RPAREN block

    INT   shift, and go to state 10
    IDEN  shift, and go to state 24

    $default  reduce using rule 21 (paramlist)

    paramlist   go to state 36
    paramstar   go to state 37
    param       go to state 38
    type        go to state 39
    simpleType  go to state 20


State 22

   20 methoddec: VOID IDEN . LPAREN paramlist RPAREN block

    LPAREN  shift, and go to state 40


State 23

    7 classbody: LBRACE methdecplus RBRACE .

    $default  reduce using rule 7 (classbody)


State 24

   85 simpleType: IDEN .

    $default  reduce using rule 85 (simpleType)


State 25

   13 methdecplus: methdecplus methoddec .

    $default  reduce using rule 13 (methdecplus)


State 26

   19 methoddec: type . IDEN LPAREN paramlist RPAREN block
   83 type: type . DOUBBRACK

    DOUBBRACK  shift, and go to state 34
    IDEN       shift, and go to state 41


State 27

    6 classbody: LBRACE constdecplus RBRACE .

    $default  reduce using rule 6 (classbody)


State 28

   10 classbody: LBRACE constdecplus methdecplus . RBRACE
   13 methdecplus: methdecplus . methoddec

    RBRACE  shift, and go to state 42
    INT     shift, and go to state 10
    IDEN    shift, and go to state 24
    VOID    shift, and go to state 12

    methoddec   go to state 25
    type        go to state 26
    simpleType  go to state 20


State 29

   15 constdecplus: constdecplus constdec .

    $default  reduce using rule 15 (constdecplus)


State 30

    5 classbody: LBRACE vardecplus RBRACE .

    $default  reduce using rule 5 (classbody)


State 31

    9 classbody: LBRACE vardecplus methdecplus . RBRACE
   13 methdecplus: methdecplus . methoddec

    RBRACE  shift, and go to state 43
    INT     shift, and go to state 10
    IDEN    shift, and go to state 24
    VOID    shift, and go to state 12

    methoddec   go to state 25
    type        go to state 26
    simpleType  go to state 20


State 32

    8 classbody: LBRACE vardecplus constdecplus . RBRACE
   11          | LBRACE vardecplus constdecplus . methdecplus RBRACE
   15 constdecplus: constdecplus . constdec

    RBRACE  shift, and go to state 44
    INT     shift, and go to state 10
    IDEN    shift, and go to state 11
    VOID    shift, and go to state 12

    methdecplus  go to state 45
    constdec     go to state 29
    methoddec    go to state 17
    type         go to state 26
    simpleType   go to state 20


State 33

   17 vardecplus: vardecplus vardec .

    $default  reduce using rule 17 (vardecplus)


State 34

   83 type: type DOUBBRACK .

    $default  reduce using rule 83 (type)


State 35

   19 methoddec: type IDEN . LPAREN paramlist RPAREN block
   80 vardec: type IDEN . SEMI
   81       | type IDEN . error

    error   shift, and go to state 46
    LPAREN  shift, and go to state 47
    SEMI    shift, and go to state 48


State 36

   18 constdec: IDEN LPAREN paramlist . RPAREN block

    RPAREN  shift, and go to state 49


State 37

   22 paramlist: paramstar .
   24 paramstar: paramstar . COMMA param

    COMMA  shift, and go to state 50

    $default  reduce using rule 22 (paramlist)


State 38

   23 paramstar: param .

    $default  reduce using rule 23 (paramstar)


State 39

   25 param: type . IDEN
   83 type: type . DOUBBRACK

    DOUBBRACK  shift, and go to state 34
    IDEN       shift, and go to state 51


State 40

   20 methoddec: VOID IDEN LPAREN . paramlist RPAREN block

    INT   shift, and go to state 10
    IDEN  shift, and go to state 24

    $default  reduce using rule 21 (paramlist)

    paramlist   go to state 52
    paramstar   go to state 37
    param       go to state 38
    type        go to state 39
    simpleType  go to state 20


State 41

   19 methoddec: type IDEN . LPAREN paramlist RPAREN block

    LPAREN  shift, and go to state 47


State 42

   10 classbody: LBRACE constdecplus methdecplus RBRACE .

    $default  reduce using rule 10 (classbody)


State 43

    9 classbody: LBRACE vardecplus methdecplus RBRACE .

    $default  reduce using rule 9 (classbody)


State 44

    8 classbody: LBRACE vardecplus constdecplus RBRACE .

    $default  reduce using rule 8 (classbody)


State 45

   11 classbody: LBRACE vardecplus constdecplus methdecplus . RBRACE
   13 methdecplus: methdecplus . methoddec

    RBRACE  shift, and go to state 53
    INT     shift, and go to state 10
    IDEN    shift, and go to state 24
    VOID    shift, and go to state 12

    methoddec   go to state 25
    type        go to state 26
    simpleType  go to state 20


State 46

   81 vardec: type IDEN error .

    $default  reduce using rule 81 (vardec)


State 47

   19 methoddec: type IDEN LPAREN . paramlist RPAREN block

    INT   shift, and go to state 10
    IDEN  shift, and go to state 24

    $default  reduce using rule 21 (paramlist)

    paramlist   go to state 54
    paramstar   go to state 37
    param       go to state 38
    type        go to state 39
    simpleType  go to state 20


State 48

   80 vardec: type IDEN SEMI .

    $default  reduce using rule 80 (vardec)


State 49

   18 constdec: IDEN LPAREN paramlist RPAREN . block

    LBRACE  shift, and go to state 55

    block  go to state 56


State 50

   24 paramstar: paramstar COMMA . param

    INT   shift, and go to state 10
    IDEN  shift, and go to state 24

    param       go to state 57
    type        go to state 39
    simpleType  go to state 20


State 51

   25 param: type IDEN .

    $default  reduce using rule 25 (param)


State 52

   20 methoddec: VOID IDEN LPAREN paramlist . RPAREN block

    RPAREN  shift, and go to state 58


State 53

   11 classbody: LBRACE vardecplus constdecplus methdecplus RBRACE .

    $default  reduce using rule 11 (classbody)


State 54

   19 methoddec: type IDEN LPAREN paramlist . RPAREN block

    RPAREN  shift, and go to state 59


State 55

   37 block: LBRACE . RBRACE
   38      | LBRACE . locvardecplus RBRACE
   39      | LBRACE . stateplus RBRACE
   40      | LBRACE . locvardecplus stateplus RBRACE

    THIS    shift, and go to state 60
    LBRACE  shift, and go to state 55
    RBRACE  shift, and go to state 61
    INT     shift, and go to state 10
    IDEN    shift, and go to state 62
    IF      shift, and go to state 63
    SEMI    shift, and go to state 64
    RETURN  shift, and go to state 65
    WHILE   shift, and go to state 66
    PRINT   shift, and go to state 67

    statement      go to state 68
    condstatement  go to state 69
    block          go to state 70
    stateplus      go to state 71
    locvardecplus  go to state 72
    locvardec      go to state 73
    name           go to state 74
    type           go to state 75
    simpleType     go to state 20


State 56

   18 constdec: IDEN LPAREN paramlist RPAREN block .

    $default  reduce using rule 18 (constdec)


State 57

   24 paramstar: paramstar COMMA param .

    $default  reduce using rule 24 (paramstar)


State 58

   20 methoddec: VOID IDEN LPAREN paramlist RPAREN . block

    LBRACE  shift, and go to state 55

    block  go to state 76


State 59

   19 methoddec: type IDEN LPAREN paramlist RPAREN . block

    LBRACE  shift, and go to state 55

    block  go to state 77


State 60

   75 name: THIS .

    $default  reduce using rule 75 (name)


State 61

   37 block: LBRACE RBRACE .

    $default  reduce using rule 37 (block)


State 62

   76 name: IDEN .
   85 simpleType: IDEN .

    DOUBBRACK  reduce using rule 85 (simpleType)
    IDEN       reduce using rule 85 (simpleType)
    $default   reduce using rule 76 (name)


State 63

   35 condstatement: IF . LPAREN exp RPAREN statement
   36              | IF . LPAREN exp RPAREN statement ELSE statement

    LPAREN  shift, and go to state 78


State 64

   26 statement: SEMI .

    $default  reduce using rule 26 (statement)


State 65

   33 statement: RETURN . optexp SEMI

    THIS    shift, and go to state 60
    IDEN    shift, and go to state 79
    NUM     shift, and go to state 80
    NLL     shift, and go to state 81
    READ    shift, and go to state 82
    NEW     shift, and go to state 83
    LPAREN  shift, and go to state 84
    PLUS    shift, and go to state 85
    MINUS   shift, and go to state 86
    BANG    shift, and go to state 87

    $default  reduce using rule 46 (optexp)

    optexp  go to state 88
    exp     go to state 89
    newexp  go to state 90
    name    go to state 91
    unyop   go to state 92


State 66

   32 statement: WHILE . LPAREN exp RPAREN statement

    LPAREN  shift, and go to state 93


State 67

   30 statement: PRINT . LPAREN arglist RPAREN SEMI

    LPAREN  shift, and go to state 94


State 68

   41 stateplus: statement .

    $default  reduce using rule 41 (stateplus)


State 69

   31 statement: condstatement .

    $default  reduce using rule 31 (statement)


State 70

   34 statement: block .

    $default  reduce using rule 34 (statement)


State 71

   39 block: LBRACE stateplus . RBRACE
   42 stateplus: stateplus . statement

    THIS    shift, and go to state 60
    LBRACE  shift, and go to state 55
    RBRACE  shift, and go to state 95
    IDEN    shift, and go to state 79
    IF      shift, and go to state 63
    SEMI    shift, and go to state 64
    RETURN  shift, and go to state 65
    WHILE   shift, and go to state 66
    PRINT   shift, and go to state 67

    statement      go to state 96
    condstatement  go to state 69
    block          go to state 70
    name           go to state 74


State 72

   38 block: LBRACE locvardecplus . RBRACE
   40      | LBRACE locvardecplus . stateplus RBRACE
   44 locvardecplus: locvardecplus . locvardec

    THIS    shift, and go to state 60
    LBRACE  shift, and go to state 55
    RBRACE  shift, and go to state 97
    INT     shift, and go to state 10
    IDEN    shift, and go to state 62
    IF      shift, and go to state 63
    SEMI    shift, and go to state 64
    RETURN  shift, and go to state 65
    WHILE   shift, and go to state 66
    PRINT   shift, and go to state 67

    statement      go to state 68
    condstatement  go to state 69
    block          go to state 70
    stateplus      go to state 98
    locvardec      go to state 99
    name           go to state 74
    type           go to state 75
    simpleType     go to state 20


State 73

   43 locvardecplus: locvardec .

    $default  reduce using rule 43 (locvardecplus)


State 74

   27 statement: name . EQ exp SEMI
   28          | name . EQ exp error
   29          | name . LPAREN arglist RPAREN SEMI
   77 name: name . DOT IDEN
   78     | name . LBRACK exp RBRACK
   79     | name . LBRACK exp error

    DOT     shift, and go to state 100
    LBRACK  shift, and go to state 101
    LPAREN  shift, and go to state 102
    EQ      shift, and go to state 103


State 75

   45 locvardec: type . IDEN SEMI
   83 type: type . DOUBBRACK

    DOUBBRACK  shift, and go to state 34
    IDEN       shift, and go to state 104


State 76

   20 methoddec: VOID IDEN LPAREN paramlist RPAREN block .

    $default  reduce using rule 20 (methoddec)


State 77

   19 methoddec: type IDEN LPAREN paramlist RPAREN block .

    $default  reduce using rule 19 (methoddec)


State 78

   35 condstatement: IF LPAREN . exp RPAREN statement
   36              | IF LPAREN . exp RPAREN statement ELSE statement

    THIS    shift, and go to state 60
    IDEN    shift, and go to state 79
    NUM     shift, and go to state 80
    NLL     shift, and go to state 81
    READ    shift, and go to state 82
    NEW     shift, and go to state 83
    LPAREN  shift, and go to state 84
    PLUS    shift, and go to state 85
    MINUS   shift, and go to state 86
    BANG    shift, and go to state 87

    exp     go to state 105
    newexp  go to state 90
    name    go to state 91
    unyop   go to state 92


State 79

   76 name: IDEN .

    $default  reduce using rule 76 (name)


State 80

   49 exp: NUM .

    $default  reduce using rule 49 (exp)


State 81

   50 exp: NLL .

    $default  reduce using rule 50 (exp)


State 82

   53 exp: READ . LPAREN RPAREN
   54    | READ . LPAREN error
   55    | READ . error RPAREN

    error   shift, and go to state 106
    LPAREN  shift, and go to state 107


State 83

   63 newexp: NEW . IDEN LPAREN arglist RPAREN
   64       | NEW . IDEN LPAREN arglist error
   65       | NEW . simpleType expstar brackstar

    INT   shift, and go to state 10
    IDEN  shift, and go to state 108

    simpleType  go to state 109


State 84

   61 exp: LPAREN . exp RPAREN
   62    | LPAREN . exp error

    THIS    shift, and go to state 60
    IDEN    shift, and go to state 79
    NUM     shift, and go to state 80
    NLL     shift, and go to state 81
    READ    shift, and go to state 82
    NEW     shift, and go to state 83
    LPAREN  shift, and go to state 84
    PLUS    shift, and go to state 85
    MINUS   shift, and go to state 86
    BANG    shift, and go to state 87

    exp     go to state 110
    newexp  go to state 90
    name    go to state 91
    unyop   go to state 92


State 85

   99 unyop: PLUS .

    $default  reduce using rule 99 (unyop)


State 86

  100 unyop: MINUS .

    $default  reduce using rule 100 (unyop)


State 87

  101 unyop: BANG .

    $default  reduce using rule 101 (unyop)


State 88

   33 statement: RETURN optexp . SEMI

    SEMI  shift, and go to state 111


State 89

   47 optexp: exp .
   57 exp: exp . relop exp
   58    | exp . sumop exp
   59    | exp . proop exp

    DEQ    shift, and go to state 112
    NEQ    shift, and go to state 113
    LEQ    shift, and go to state 114
    GEQ    shift, and go to state 115
    GT     shift, and go to state 116
    LT     shift, and go to state 117
    PLUS   shift, and go to state 118
    MINUS  shift, and go to state 119
    OR     shift, and go to state 120
    MULT   shift, and go to state 121
    DIVD   shift, and go to state 122
    MOD    shift, and go to state 123
    AND    shift, and go to state 124

    $default  reduce using rule 47 (optexp)

    relop  go to state 125
    sumop  go to state 126
    proop  go to state 127


State 90

   56 exp: newexp .

    $default  reduce using rule 56 (exp)


State 91

   48 exp: name .
   51    | name . LPAREN RPAREN
   52    | name . LPAREN error
   77 name: name . DOT IDEN
   78     | name . LBRACK exp RBRACK
   79     | name . LBRACK exp error

    DOT     shift, and go to state 100
    LBRACK  shift, and go to state 101
    LPAREN  shift, and go to state 128

    $default  reduce using rule 48 (exp)


State 92

   60 exp: unyop . exp

    THIS    shift, and go to state 60
    IDEN    shift, and go to state 79
    NUM     shift, and go to state 80
    NLL     shift, and go to state 81
    READ    shift, and go to state 82
    NEW     shift, and go to state 83
    LPAREN  shift, and go to state 84
    PLUS    shift, and go to state 85
    MINUS   shift, and go to state 86
    BANG    shift, and go to state 87

    exp     go to state 129
    newexp  go to state 90
    name    go to state 91
    unyop   go to state 92


State 93

   32 statement: WHILE LPAREN . exp RPAREN statement

    THIS    shift, and go to state 60
    IDEN    shift, and go to state 79
    NUM     shift, and go to state 80
    NLL     shift, and go to state 81
    READ    shift, and go to state 82
    NEW     shift, and go to state 83
    LPAREN  shift, and go to state 84
    PLUS    shift, and go to state 85
    MINUS   shift, and go to state 86
    BANG    shift, and go to state 87

    exp     go to state 130
    newexp  go to state 90
    name    go to state 91
    unyop   go to state 92


State 94

   30 statement: PRINT LPAREN . arglist RPAREN SEMI

    THIS    shift, and go to state 60
    IDEN    shift, and go to state 79
    NUM     shift, and go to state 80
    NLL     shift, and go to state 81
    READ    shift, and go to state 82
    NEW     shift, and go to state 83
    LPAREN  shift, and go to state 84
    PLUS    shift, and go to state 85
    MINUS   shift, and go to state 86
    BANG    shift, and go to state 87

    $default  reduce using rule 71 (arglist)

    exp      go to state 131
    newexp   go to state 90
    arglist  go to state 132
    explist  go to state 133
    name     go to state 91
    unyop    go to state 92


State 95

   39 block: LBRACE stateplus RBRACE .

    $default  reduce using rule 39 (block)


State 96

   42 stateplus: stateplus statement .

    $default  reduce using rule 42 (stateplus)


State 97

   38 block: LBRACE locvardecplus RBRACE .

    $default  reduce using rule 38 (block)


State 98

   40 block: LBRACE locvardecplus stateplus . RBRACE
   42 stateplus: stateplus . statement

    THIS    shift, and go to state 60
    LBRACE  shift, and go to state 55
    RBRACE  shift, and go to state 134
    IDEN    shift, and go to state 79
    IF      shift, and go to state 63
    SEMI    shift, and go to state 64
    RETURN  shift, and go to state 65
    WHILE   shift, and go to state 66
    PRINT   shift, and go to state 67

    statement      go to state 96
    condstatement  go to state 69
    block          go to state 70
    name           go to state 74


State 99

   44 locvardecplus: locvardecplus locvardec .

    $default  reduce using rule 44 (locvardecplus)


State 100

   77 name: name DOT . IDEN

    IDEN  shift, and go to state 135


State 101

   78 name: name LBRACK . exp RBRACK
   79     | name LBRACK . exp error

    THIS    shift, and go to state 60
    IDEN    shift, and go to state 79
    NUM     shift, and go to state 80
    NLL     shift, and go to state 81
    READ    shift, and go to state 82
    NEW     shift, and go to state 83
    LPAREN  shift, and go to state 84
    PLUS    shift, and go to state 85
    MINUS   shift, and go to state 86
    BANG    shift, and go to state 87

    exp     go to state 136
    newexp  go to state 90
    name    go to state 91
    unyop   go to state 92


State 102

   29 statement: name LPAREN . arglist RPAREN SEMI

    THIS    shift, and go to state 60
    IDEN    shift, and go to state 79
    NUM     shift, and go to state 80
    NLL     shift, and go to state 81
    READ    shift, and go to state 82
    NEW     shift, and go to state 83
    LPAREN  shift, and go to state 84
    PLUS    shift, and go to state 85
    MINUS   shift, and go to state 86
    BANG    shift, and go to state 87

    $default  reduce using rule 71 (arglist)

    exp      go to state 131
    newexp   go to state 90
    arglist  go to state 137
    explist  go to state 133
    name     go to state 91
    unyop    go to state 92


State 103

   27 statement: name EQ . exp SEMI
   28          | name EQ . exp error

    THIS    shift, and go to state 60
    IDEN    shift, and go to state 79
    NUM     shift, and go to state 80
    NLL     shift, and go to state 81
    READ    shift, and go to state 82
    NEW     shift, and go to state 83
    LPAREN  shift, and go to state 84
    PLUS    shift, and go to state 85
    MINUS   shift, and go to state 86
    BANG    shift, and go to state 87

    exp     go to state 138
    newexp  go to state 90
    name    go to state 91
    unyop   go to state 92


State 104

   45 locvardec: type IDEN . SEMI

    SEMI  shift, and go to state 139


State 105

   35 condstatement: IF LPAREN exp . RPAREN statement
   36              | IF LPAREN exp . RPAREN statement ELSE statement
   57 exp: exp . relop exp
   58    | exp . sumop exp
   59    | exp . proop exp

    RPAREN  shift, and go to state 140
    DEQ     shift, and go to state 112
    NEQ     shift, and go to state 113
    LEQ     shift, and go to state 114
    GEQ     shift, and go to state 115
    GT      shift, and go to state 116
    LT      shift, and go to state 117
    PLUS    shift, and go to state 118
    MINUS   shift, and go to state 119
    OR      shift, and go to state 120
    MULT    shift, and go to state 121
    DIVD    shift, and go to state 122
    MOD     shift, and go to state 123
    AND     shift, and go to state 124

    relop  go to state 125
    sumop  go to state 126
    proop  go to state 127


State 106

   55 exp: READ error . RPAREN

    RPAREN  shift, and go to state 141


State 107

   53 exp: READ LPAREN . RPAREN
   54    | READ LPAREN . error

    error   shift, and go to state 142
    RPAREN  shift, and go to state 143


State 108

   63 newexp: NEW IDEN . LPAREN arglist RPAREN
   64       | NEW IDEN . LPAREN arglist error
   85 simpleType: IDEN .

    LPAREN  shift, and go to state 144

    $default  reduce using rule 85 (simpleType)


State 109

   65 newexp: NEW simpleType . expstar brackstar

    $default  reduce using rule 68 (expstar)

    expstar  go to state 145


State 110

   57 exp: exp . relop exp
   58    | exp . sumop exp
   59    | exp . proop exp
   61    | LPAREN exp . RPAREN
   62    | LPAREN exp . error

    error   shift, and go to state 146
    RPAREN  shift, and go to state 147
    DEQ     shift, and go to state 112
    NEQ     shift, and go to state 113
    LEQ     shift, and go to state 114
    GEQ     shift, and go to state 115
    GT      shift, and go to state 116
    LT      shift, and go to state 117
    PLUS    shift, and go to state 118
    MINUS   shift, and go to state 119
    OR      shift, and go to state 120
    MULT    shift, and go to state 121
    DIVD    shift, and go to state 122
    MOD     shift, and go to state 123
    AND     shift, and go to state 124

    relop  go to state 125
    sumop  go to state 126
    proop  go to state 127


State 111

   33 statement: RETURN optexp SEMI .

    $default  reduce using rule 33 (statement)


State 112

   86 relop: DEQ .

    $default  reduce using rule 86 (relop)


State 113

   87 relop: NEQ .

    $default  reduce using rule 87 (relop)


State 114

   88 relop: LEQ .

    $default  reduce using rule 88 (relop)


State 115

   89 relop: GEQ .

    $default  reduce using rule 89 (relop)


State 116

   90 relop: GT .

    $default  reduce using rule 90 (relop)


State 117

   91 relop: LT .

    $default  reduce using rule 91 (relop)


State 118

   92 sumop: PLUS .

    $default  reduce using rule 92 (sumop)


State 119

   93 sumop: MINUS .

    $default  reduce using rule 93 (sumop)


State 120

   94 sumop: OR .

    $default  reduce using rule 94 (sumop)


State 121

   95 proop: MULT .

    $default  reduce using rule 95 (proop)


State 122

   96 proop: DIVD .

    $default  reduce using rule 96 (proop)


State 123

   97 proop: MOD .

    $default  reduce using rule 97 (proop)


State 124

   98 proop: AND .

    $default  reduce using rule 98 (proop)


State 125

   57 exp: exp relop . exp

    THIS    shift, and go to state 60
    IDEN    shift, and go to state 79
    NUM     shift, and go to state 80
    NLL     shift, and go to state 81
    READ    shift, and go to state 82
    NEW     shift, and go to state 83
    LPAREN  shift, and go to state 84
    PLUS    shift, and go to state 85
    MINUS   shift, and go to state 86
    BANG    shift, and go to state 87

    exp     go to state 148
    newexp  go to state 90
    name    go to state 91
    unyop   go to state 92


State 126

   58 exp: exp sumop . exp

    THIS    shift, and go to state 60
    IDEN    shift, and go to state 79
    NUM     shift, and go to state 80
    NLL     shift, and go to state 81
    READ    shift, and go to state 82
    NEW     shift, and go to state 83
    LPAREN  shift, and go to state 84
    PLUS    shift, and go to state 85
    MINUS   shift, and go to state 86
    BANG    shift, and go to state 87

    exp     go to state 149
    newexp  go to state 90
    name    go to state 91
    unyop   go to state 92


State 127

   59 exp: exp proop . exp

    THIS    shift, and go to state 60
    IDEN    shift, and go to state 79
    NUM     shift, and go to state 80
    NLL     shift, and go to state 81
    READ    shift, and go to state 82
    NEW     shift, and go to state 83
    LPAREN  shift, and go to state 84
    PLUS    shift, and go to state 85
    MINUS   shift, and go to state 86
    BANG    shift, and go to state 87

    exp     go to state 150
    newexp  go to state 90
    name    go to state 91
    unyop   go to state 92


State 128

   51 exp: name LPAREN . RPAREN
   52    | name LPAREN . error

    error   shift, and go to state 151
    RPAREN  shift, and go to state 152


State 129

   57 exp: exp . relop exp
   58    | exp . sumop exp
   59    | exp . proop exp
   60    | unyop exp .

    $default  reduce using rule 60 (exp)

    relop  go to state 125
    sumop  go to state 126
    proop  go to state 127


State 130

   32 statement: WHILE LPAREN exp . RPAREN statement
   57 exp: exp . relop exp
   58    | exp . sumop exp
   59    | exp . proop exp

    RPAREN  shift, and go to state 153
    DEQ     shift, and go to state 112
    NEQ     shift, and go to state 113
    LEQ     shift, and go to state 114
    GEQ     shift, and go to state 115
    GT      shift, and go to state 116
    LT      shift, and go to state 117
    PLUS    shift, and go to state 118
    MINUS   shift, and go to state 119
    OR      shift, and go to state 120
    MULT    shift, and go to state 121
    DIVD    shift, and go to state 122
    MOD     shift, and go to state 123
    AND     shift, and go to state 124

    relop  go to state 125
    sumop  go to state 126
    proop  go to state 127


State 131

   57 exp: exp . relop exp
   58    | exp . sumop exp
   59    | exp . proop exp
   73 explist: exp .

    DEQ    shift, and go to state 112
    NEQ    shift, and go to state 113
    LEQ    shift, and go to state 114
    GEQ    shift, and go to state 115
    GT     shift, and go to state 116
    LT     shift, and go to state 117
    PLUS   shift, and go to state 118
    MINUS  shift, and go to state 119
    OR     shift, and go to state 120
    MULT   shift, and go to state 121
    DIVD   shift, and go to state 122
    MOD    shift, and go to state 123
    AND    shift, and go to state 124

    $default  reduce using rule 73 (explist)

    relop  go to state 125
    sumop  go to state 126
    proop  go to state 127


State 132

   30 statement: PRINT LPAREN arglist . RPAREN SEMI

    RPAREN  shift, and go to state 154


State 133

   72 arglist: explist .
   74 explist: explist . COMMA exp

    COMMA  shift, and go to state 155

    $default  reduce using rule 72 (arglist)


State 134

   40 block: LBRACE locvardecplus stateplus RBRACE .

    $default  reduce using rule 40 (block)


State 135

   77 name: name DOT IDEN .

    $default  reduce using rule 77 (name)


State 136

   57 exp: exp . relop exp
   58    | exp . sumop exp
   59    | exp . proop exp
   78 name: name LBRACK exp . RBRACK
   79     | name LBRACK exp . error

    error   shift, and go to state 156
    RBRACK  shift, and go to state 157
    DEQ     shift, and go to state 112
    NEQ     shift, and go to state 113
    LEQ     shift, and go to state 114
    GEQ     shift, and go to state 115
    GT      shift, and go to state 116
    LT      shift, and go to state 117
    PLUS    shift, and go to state 118
    MINUS   shift, and go to state 119
    OR      shift, and go to state 120
    MULT    shift, and go to state 121
    DIVD    shift, and go to state 122
    MOD     shift, and go to state 123
    AND     shift, and go to state 124

    relop  go to state 125
    sumop  go to state 126
    proop  go to state 127


State 137

   29 statement: name LPAREN arglist . RPAREN SEMI

    RPAREN  shift, and go to state 158


State 138

   27 statement: name EQ exp . SEMI
   28          | name EQ exp . error
   57 exp: exp . relop exp
   58    | exp . sumop exp
   59    | exp . proop exp

    error  shift, and go to state 159
    DEQ    shift, and go to state 112
    NEQ    shift, and go to state 113
    LEQ    shift, and go to state 114
    GEQ    shift, and go to state 115
    GT     shift, and go to state 116
    LT     shift, and go to state 117
    PLUS   shift, and go to state 118
    MINUS  shift, and go to state 119
    OR     shift, and go to state 120
    MULT   shift, and go to state 121
    DIVD   shift, and go to state 122
    MOD    shift, and go to state 123
    AND    shift, and go to state 124
    SEMI   shift, and go to state 160

    relop  go to state 125
    sumop  go to state 126
    proop  go to state 127


State 139

   45 locvardec: type IDEN SEMI .

    $default  reduce using rule 45 (locvardec)


State 140

   35 condstatement: IF LPAREN exp RPAREN . statement
   36              | IF LPAREN exp RPAREN . statement ELSE statement

    THIS    shift, and go to state 60
    LBRACE  shift, and go to state 55
    IDEN    shift, and go to state 79
    IF      shift, and go to state 63
    SEMI    shift, and go to state 64
    RETURN  shift, and go to state 65
    WHILE   shift, and go to state 66
    PRINT   shift, and go to state 67

    statement      go to state 161
    condstatement  go to state 69
    block          go to state 70
    name           go to state 74


State 141

   55 exp: READ error RPAREN .

    $default  reduce using rule 55 (exp)


State 142

   54 exp: READ LPAREN error .

    $default  reduce using rule 54 (exp)


State 143

   53 exp: READ LPAREN RPAREN .

    $default  reduce using rule 53 (exp)


State 144

   63 newexp: NEW IDEN LPAREN . arglist RPAREN
   64       | NEW IDEN LPAREN . arglist error

    THIS    shift, and go to state 60
    IDEN    shift, and go to state 79
    NUM     shift, and go to state 80
    NLL     shift, and go to state 81
    READ    shift, and go to state 82
    NEW     shift, and go to state 83
    LPAREN  shift, and go to state 84
    PLUS    shift, and go to state 85
    MINUS   shift, and go to state 86
    BANG    shift, and go to state 87

    $default  reduce using rule 71 (arglist)

    exp      go to state 131
    newexp   go to state 90
    arglist  go to state 162
    explist  go to state 133
    name     go to state 91
    unyop    go to state 92


State 145

   65 newexp: NEW simpleType expstar . brackstar
   69 expstar: expstar . LBRACK exp RBRACK
   70        | expstar . LBRACK exp error

    LBRACK  shift, and go to state 163

    $default  reduce using rule 66 (brackstar)

    brackstar  go to state 164


State 146

   62 exp: LPAREN exp error .

    $default  reduce using rule 62 (exp)


State 147

   61 exp: LPAREN exp RPAREN .

    $default  reduce using rule 61 (exp)


State 148

   57 exp: exp . relop exp
   57    | exp relop exp .
   58    | exp . sumop exp
   59    | exp . proop exp

    PLUS   shift, and go to state 118
    MINUS  shift, and go to state 119
    OR     shift, and go to state 120
    MULT   shift, and go to state 121
    DIVD   shift, and go to state 122
    MOD    shift, and go to state 123
    AND    shift, and go to state 124

    $default  reduce using rule 57 (exp)

    relop  go to state 125
    sumop  go to state 126
    proop  go to state 127


State 149

   57 exp: exp . relop exp
   58    | exp . sumop exp
   58    | exp sumop exp .
   59    | exp . proop exp

    MULT  shift, and go to state 121
    DIVD  shift, and go to state 122
    MOD   shift, and go to state 123
    AND   shift, and go to state 124

    $default  reduce using rule 58 (exp)

    relop  go to state 125
    sumop  go to state 126
    proop  go to state 127


State 150

   57 exp: exp . relop exp
   58    | exp . sumop exp
   59    | exp . proop exp
   59    | exp proop exp .

    $default  reduce using rule 59 (exp)

    relop  go to state 125
    sumop  go to state 126
    proop  go to state 127


State 151

   52 exp: name LPAREN error .

    $default  reduce using rule 52 (exp)


State 152

   51 exp: name LPAREN RPAREN .

    $default  reduce using rule 51 (exp)


State 153

   32 statement: WHILE LPAREN exp RPAREN . statement

    THIS    shift, and go to state 60
    LBRACE  shift, and go to state 55
    IDEN    shift, and go to state 79
    IF      shift, and go to state 63
    SEMI    shift, and go to state 64
    RETURN  shift, and go to state 65
    WHILE   shift, and go to state 66
    PRINT   shift, and go to state 67

    statement      go to state 165
    condstatement  go to state 69
    block          go to state 70
    name           go to state 74


State 154

   30 statement: PRINT LPAREN arglist RPAREN . SEMI

    SEMI  shift, and go to state 166


State 155

   74 explist: explist COMMA . exp

    THIS    shift, and go to state 60
    IDEN    shift, and go to state 79
    NUM     shift, and go to state 80
    NLL     shift, and go to state 81
    READ    shift, and go to state 82
    NEW     shift, and go to state 83
    LPAREN  shift, and go to state 84
    PLUS    shift, and go to state 85
    MINUS   shift, and go to state 86
    BANG    shift, and go to state 87

    exp     go to state 167
    newexp  go to state 90
    name    go to state 91
    unyop   go to state 92


State 156

   79 name: name LBRACK exp error .

    $default  reduce using rule 79 (name)


State 157

   78 name: name LBRACK exp RBRACK .

    $default  reduce using rule 78 (name)


State 158

   29 statement: name LPAREN arglist RPAREN . SEMI

    SEMI  shift, and go to state 168


State 159

   28 statement: name EQ exp error .

    $default  reduce using rule 28 (statement)


State 160

   27 statement: name EQ exp SEMI .

    $default  reduce using rule 27 (statement)


State 161

   35 condstatement: IF LPAREN exp RPAREN statement .
   36              | IF LPAREN exp RPAREN statement . ELSE statement

    ELSE  shift, and go to state 169

    $default  reduce using rule 35 (condstatement)


State 162

   63 newexp: NEW IDEN LPAREN arglist . RPAREN
   64       | NEW IDEN LPAREN arglist . error

    error   shift, and go to state 170
    RPAREN  shift, and go to state 171


State 163

   69 expstar: expstar LBRACK . exp RBRACK
   70        | expstar LBRACK . exp error

    THIS    shift, and go to state 60
    IDEN    shift, and go to state 79
    NUM     shift, and go to state 80
    NLL     shift, and go to state 81
    READ    shift, and go to state 82
    NEW     shift, and go to state 83
    LPAREN  shift, and go to state 84
    PLUS    shift, and go to state 85
    MINUS   shift, and go to state 86
    BANG    shift, and go to state 87

    exp     go to state 172
    newexp  go to state 90
    name    go to state 91
    unyop   go to state 92


State 164

   65 newexp: NEW simpleType expstar brackstar .
   67 brackstar: brackstar . DOUBBRACK

    DOUBBRACK  shift, and go to state 173

    $default  reduce using rule 65 (newexp)


State 165

   32 statement: WHILE LPAREN exp RPAREN statement .

    $default  reduce using rule 32 (statement)


State 166

   30 statement: PRINT LPAREN arglist RPAREN SEMI .

    $default  reduce using rule 30 (statement)


State 167

   57 exp: exp . relop exp
   58    | exp . sumop exp
   59    | exp . proop exp
   74 explist: explist COMMA exp .

    DEQ    shift, and go to state 112
    NEQ    shift, and go to state 113
    LEQ    shift, and go to state 114
    GEQ    shift, and go to state 115
    GT     shift, and go to state 116
    LT     shift, and go to state 117
    PLUS   shift, and go to state 118
    MINUS  shift, and go to state 119
    OR     shift, and go to state 120
    MULT   shift, and go to state 121
    DIVD   shift, and go to state 122
    MOD    shift, and go to state 123
    AND    shift, and go to state 124

    $default  reduce using rule 74 (explist)

    relop  go to state 125
    sumop  go to state 126
    proop  go to state 127


State 168

   29 statement: name LPAREN arglist RPAREN SEMI .

    $default  reduce using rule 29 (statement)


State 169

   36 condstatement: IF LPAREN exp RPAREN statement ELSE . statement

    THIS    shift, and go to state 60
    LBRACE  shift, and go to state 55
    IDEN    shift, and go to state 79
    IF      shift, and go to state 63
    SEMI    shift, and go to state 64
    RETURN  shift, and go to state 65
    WHILE   shift, and go to state 66
    PRINT   shift, and go to state 67

    statement      go to state 174
    condstatement  go to state 69
    block          go to state 70
    name           go to state 74


State 170

   64 newexp: NEW IDEN LPAREN arglist error .

    $default  reduce using rule 64 (newexp)


State 171

   63 newexp: NEW IDEN LPAREN arglist RPAREN .

    $default  reduce using rule 63 (newexp)


State 172

   57 exp: exp . relop exp
   58    | exp . sumop exp
   59    | exp . proop exp
   69 expstar: expstar LBRACK exp . RBRACK
   70        | expstar LBRACK exp . error

    error   shift, and go to state 175
    RBRACK  shift, and go to state 176
    DEQ     shift, and go to state 112
    NEQ     shift, and go to state 113
    LEQ     shift, and go to state 114
    GEQ     shift, and go to state 115
    GT      shift, and go to state 116
    LT      shift, and go to state 117
    PLUS    shift, and go to state 118
    MINUS   shift, and go to state 119
    OR      shift, and go to state 120
    MULT    shift, and go to state 121
    DIVD    shift, and go to state 122
    MOD     shift, and go to state 123
    AND     shift, and go to state 124

    relop  go to state 125
    sumop  go to state 126
    proop  go to state 127


State 173

   67 brackstar: brackstar DOUBBRACK .

    $default  reduce using rule 67 (brackstar)


State 174

   36 condstatement: IF LPAREN exp RPAREN statement ELSE statement .

    $default  reduce using rule 36 (condstatement)


State 175

   70 expstar: expstar LBRACK exp error .

    $default  reduce using rule 70 (expstar)


State 176

   69 expstar: expstar LBRACK exp RBRACK .

    $default  reduce using rule 69 (expstar)
